{"C:\\Users\\Muchael123\\Documents\\plp\\week-6-testing-and-debugging-Muchael123\\backend\\server.js": {"path":"C:\\Users\\Muchael123\\Documents\\plp\\week-6-testing-and-debugging-Muchael123\\backend\\server.js","statementMap":{"0":{"start":{"line":5,"column":12},"end":{"line":5,"column":21}},"1":{"start":{"line":6,"column":13},"end":{"line":6,"column":37}},"2":{"start":{"line":10,"column":0},"end":{"line":10,"column":24}},"3":{"start":{"line":11,"column":0},"end":{"line":11,"column":16}},"4":{"start":{"line":14,"column":0},"end":{"line":16,"column":32}},"5":{"start":{"line":15,"column":12},"end":{"line":15,"column":44}},"6":{"start":{"line":16,"column":14},"end":{"line":16,"column":30}},"7":{"start":{"line":19,"column":0},"end":{"line":21,"column":3}},"8":{"start":{"line":20,"column":4},"end":{"line":20,"column":43}},"9":{"start":{"line":23,"column":0},"end":{"line":23,"column":32}},"10":{"start":{"line":26,"column":0},"end":{"line":28,"column":3}},"11":{"start":{"line":27,"column":4},"end":{"line":27,"column":62}}},"fnMap":{"0":{"name":"(anonymous_0)","decl":{"start":{"line":15,"column":6},"end":{"line":15,"column":7}},"loc":{"start":{"line":15,"column":12},"end":{"line":15,"column":44}},"line":15},"1":{"name":"(anonymous_1)","decl":{"start":{"line":16,"column":7},"end":{"line":16,"column":8}},"loc":{"start":{"line":16,"column":14},"end":{"line":16,"column":30}},"line":16},"2":{"name":"(anonymous_2)","decl":{"start":{"line":19,"column":13},"end":{"line":19,"column":14}},"loc":{"start":{"line":19,"column":27},"end":{"line":21,"column":1}},"line":19},"3":{"name":"(anonymous_3)","decl":{"start":{"line":26,"column":17},"end":{"line":26,"column":18}},"loc":{"start":{"line":26,"column":23},"end":{"line":28,"column":1}},"line":26}},"branchMap":{"0":{"loc":{"start":{"line":6,"column":13},"end":{"line":6,"column":37}},"type":"binary-expr","locations":[{"start":{"line":6,"column":13},"end":{"line":6,"column":29}},{"start":{"line":6,"column":33},"end":{"line":6,"column":37}}],"line":6}},"s":{"0":1,"1":1,"2":1,"3":1,"4":1,"5":0,"6":1,"7":1,"8":0,"9":1,"10":1,"11":1},"f":{"0":0,"1":1,"2":0,"3":1},"b":{"0":[1,1]},"_coverageSchema":"1a1c01bbd47fc00a2c39e90264f33305004495a9","hash":"31febfc6cf41de4bee765f04127c4347f50f7759"}
,"C:\\Users\\Muchael123\\Documents\\plp\\week-6-testing-and-debugging-Muchael123\\backend\\models\\bugs.js": {"path":"C:\\Users\\Muchael123\\Documents\\plp\\week-6-testing-and-debugging-Muchael123\\backend\\models\\bugs.js","statementMap":{"0":{"start":{"line":3,"column":18},"end":{"line":8,"column":41}},"1":{"start":{"line":9,"column":12},"end":{"line":9,"column":44}}},"fnMap":{},"branchMap":{},"s":{"0":1,"1":1},"f":{},"b":{},"_coverageSchema":"1a1c01bbd47fc00a2c39e90264f33305004495a9","hash":"691bb4303007fec209db91b04d76b69d9952824f"}
,"C:\\Users\\Muchael123\\Documents\\plp\\week-6-testing-and-debugging-Muchael123\\backend\\routes\\bug.routes.js": {"path":"C:\\Users\\Muchael123\\Documents\\plp\\week-6-testing-and-debugging-Muchael123\\backend\\routes\\bug.routes.js","statementMap":{"0":{"start":{"line":3,"column":15},"end":{"line":3,"column":23}},"1":{"start":{"line":5,"column":0},"end":{"line":8,"column":3}},"2":{"start":{"line":6,"column":17},"end":{"line":6,"column":33}},"3":{"start":{"line":7,"column":4},"end":{"line":7,"column":19}},"4":{"start":{"line":10,"column":0},"end":{"line":14,"column":3}},"5":{"start":{"line":11,"column":19},"end":{"line":11,"column":36}},"6":{"start":{"line":12,"column":4},"end":{"line":12,"column":24}},"7":{"start":{"line":13,"column":4},"end":{"line":13,"column":33}},"8":{"start":{"line":16,"column":0},"end":{"line":19,"column":3}},"9":{"start":{"line":17,"column":23},"end":{"line":17,"column":90}},"10":{"start":{"line":18,"column":4},"end":{"line":18,"column":25}},"11":{"start":{"line":21,"column":0},"end":{"line":24,"column":3}},"12":{"start":{"line":22,"column":4},"end":{"line":22,"column":47}},"13":{"start":{"line":23,"column":4},"end":{"line":23,"column":41}}},"fnMap":{"0":{"name":"(anonymous_0)","decl":{"start":{"line":5,"column":20},"end":{"line":5,"column":21}},"loc":{"start":{"line":5,"column":40},"end":{"line":8,"column":1}},"line":5},"1":{"name":"(anonymous_1)","decl":{"start":{"line":10,"column":17},"end":{"line":10,"column":18}},"loc":{"start":{"line":10,"column":37},"end":{"line":14,"column":1}},"line":10},"2":{"name":"(anonymous_2)","decl":{"start":{"line":16,"column":19},"end":{"line":16,"column":20}},"loc":{"start":{"line":16,"column":39},"end":{"line":19,"column":1}},"line":16},"3":{"name":"(anonymous_3)","decl":{"start":{"line":21,"column":22},"end":{"line":21,"column":23}},"loc":{"start":{"line":21,"column":42},"end":{"line":24,"column":1}},"line":21}},"branchMap":{},"s":{"0":1,"1":1,"2":0,"3":0,"4":1,"5":0,"6":0,"7":0,"8":1,"9":0,"10":0,"11":1,"12":0,"13":0},"f":{"0":0,"1":0,"2":0,"3":0},"b":{},"_coverageSchema":"1a1c01bbd47fc00a2c39e90264f33305004495a9","hash":"2dee691b3591c484c91e007ea4d31b72be313692"}
}
